Построение начато 25.11.2017 15:25:35.
     1>Проект "C:\Users\Влад\documents\visual studio 2010\Projects\Vlad Lab 20\Vlad Lab 20\Vlad Lab 20.vcxproj" в узле 2 (целевые объекты build).
     1>InitializeBuildStatus:
         Создание "Debug\Vlad Lab 20.unsuccessfulbuild", так как было задано "AlwaysCreate".
       ClCompile:
         Для всех выходных данных обновления не требуется.
         C:\Program Files (x86)\Microsoft Visual Studio 10.0\VC\bin\CL.exe /c /ZI /nologo /W3 /WX- /Od /Oy- /D WIN32 /D _DEBUG /D _CONSOLE /D _UNICODE /D UNICODE /Gm /EHsc /RTC1 /MDd /GS /fp:precise /Zc:wchar_t /Zc:forScope /Yu"StdAfx.h" /Fp"Debug\Vlad Lab 20.pch" /Fo"Debug\\" /Fd"Debug\vc100.pdb" /Gd /TP /analyze- /errorReport:prompt "Vlad Lab 20.cpp"
         Vlad Lab 20.cpp
     1>c:\users\влад\documents\visual studio 2010\projects\vlad lab 20\vlad lab 20\vlad lab 20.cpp(21): warning C4996: 'scanf': This function or variable may be unsafe. Consider using scanf_s instead. To disable deprecation, use _CRT_SECURE_NO_WARNINGS. See online help for details.
                 c:\program files (x86)\microsoft visual studio 10.0\vc\include\stdio.h(304): см. объявление "scanf"
     1>c:\users\влад\documents\visual studio 2010\projects\vlad lab 20\vlad lab 20\vlad lab 20.cpp(36): warning C4996: 'strcpy': This function or variable may be unsafe. Consider using strcpy_s instead. To disable deprecation, use _CRT_SECURE_NO_WARNINGS. See online help for details.
                 c:\program files (x86)\microsoft visual studio 10.0\vc\include\string.h(105): см. объявление "strcpy"
       ManifestResourceCompile:
         Для всех выходных данных обновления не требуется.
       Link:
         C:\Program Files (x86)\Microsoft Visual Studio 10.0\VC\bin\link.exe /ERRORREPORT:PROMPT /OUT:"C:\Users\Влад\documents\visual studio 2010\Projects\Vlad Lab 20\Debug\Vlad Lab 20.exe" /INCREMENTAL /NOLOGO kernel32.lib user32.lib gdi32.lib winspool.lib comdlg32.lib advapi32.lib shell32.lib ole32.lib oleaut32.lib uuid.lib odbc32.lib odbccp32.lib /MANIFEST /ManifestFile:"Debug\Vlad Lab 20.exe.intermediate.manifest" /MANIFESTUAC:"level='asInvoker' uiAccess='false'" /DEBUG /PDB:"C:\Users\Влад\documents\visual studio 2010\Projects\Vlad Lab 20\Debug\Vlad Lab 20.pdb" /SUBSYSTEM:CONSOLE /TLBID:1 /DYNAMICBASE /NXCOMPAT /IMPLIB:"C:\Users\Влад\documents\visual studio 2010\Projects\Vlad Lab 20\Debug\Vlad Lab 20.lib" /MACHINE:X86 "Debug\Vlad Lab 20.exe.embed.manifest.res"
         Debug\stdafx.obj
         "Debug\Vlad Lab 20.obj"
       Manifest:
         C:\Program Files (x86)\Microsoft SDKs\Windows\v7.0A\bin\mt.exe /nologo /verbose /out:"Debug\Vlad Lab 20.exe.embed.manifest" /manifest "Debug\Vlad Lab 20.exe.intermediate.manifest"
         Для всех выходных данных обновления не требуется.
       LinkEmbedManifest:
         Для всех выходных данных обновления не требуется.
         Vlad Lab 20.vcxproj -> C:\Users\Влад\documents\visual studio 2010\Projects\Vlad Lab 20\Debug\Vlad Lab 20.exe
       FinalizeBuildStatus:
         Файл "Debug\Vlad Lab 20.unsuccessfulbuild" удаляется.
         Обращение к "Debug\Vlad Lab 20.lastbuildstate".
     1>Построение проекта "C:\Users\Влад\documents\visual studio 2010\Projects\Vlad Lab 20\Vlad Lab 20\Vlad Lab 20.vcxproj" завершено (целевые объекты build).

Построение успешно завершено.

Затраченное время: 00:00:04.85
